mode: set
github.com/sdlcforge/make-help/internal/cli/command.go:13.53,74.2 24 1
github.com/sdlcforge/make-help/internal/cli/command.go:77.71,82.27 3 1
github.com/sdlcforge/make-help/internal/cli/command.go:82.27,84.3 1 1
github.com/sdlcforge/make-help/internal/cli/command.go:86.2,86.16 1 1
github.com/sdlcforge/make-help/internal/cli/command.go:86.16,88.3 1 1
github.com/sdlcforge/make-help/internal/cli/command.go:88.8,88.20 1 1
github.com/sdlcforge/make-help/internal/cli/command.go:88.20,90.3 1 1
github.com/sdlcforge/make-help/internal/cli/command.go:90.8,92.3 1 1
github.com/sdlcforge/make-help/internal/cli/command.go:95.2,95.50 1 1
github.com/sdlcforge/make-help/internal/cli/command.go:95.50,99.3 3 1
github.com/sdlcforge/make-help/internal/cli/command.go:102.2,104.12 2 1
github.com/sdlcforge/make-help/internal/cli/command.go:110.73,111.19 1 1
github.com/sdlcforge/make-help/internal/cli/command.go:111.19,113.3 1 1
github.com/sdlcforge/make-help/internal/cli/command.go:116.2,117.45 2 1
github.com/sdlcforge/make-help/internal/cli/command.go:117.45,119.3 1 1
github.com/sdlcforge/make-help/internal/cli/command.go:122.2,123.20 2 1
github.com/sdlcforge/make-help/internal/cli/command.go:123.20,125.3 1 1
github.com/sdlcforge/make-help/internal/cli/command.go:128.2,131.55 1 1
github.com/sdlcforge/make-help/internal/cli/command.go:131.55,133.4 1 1
github.com/sdlcforge/make-help/internal/cli/command.go:137.2,144.27 4 1
github.com/sdlcforge/make-help/internal/cli/command.go:144.27,145.46 1 1
github.com/sdlcforge/make-help/internal/cli/command.go:145.46,146.67 1 1
github.com/sdlcforge/make-help/internal/cli/command.go:146.67,148.5 1 1
github.com/sdlcforge/make-help/internal/cli/command.go:153.2,153.38 1 1
github.com/sdlcforge/make-help/internal/cli/command.go:153.38,155.3 1 0
github.com/sdlcforge/make-help/internal/cli/command.go:158.2,158.60 1 1
github.com/sdlcforge/make-help/internal/cli/command.go:158.60,160.3 1 0
github.com/sdlcforge/make-help/internal/cli/command.go:162.2,162.12 1 1
github.com/sdlcforge/make-help/internal/cli/config.go:18.36,19.11 1 1
github.com/sdlcforge/make-help/internal/cli/config.go:20.17,21.16 1 1
github.com/sdlcforge/make-help/internal/cli/config.go:22.19,23.18 1 1
github.com/sdlcforge/make-help/internal/cli/config.go:24.18,25.17 1 1
github.com/sdlcforge/make-help/internal/cli/config.go:26.10,27.19 1 1
github.com/sdlcforge/make-help/internal/cli/config.go:118.26,125.2 1 1
github.com/sdlcforge/make-help/internal/cli/create_help_target.go:19.75,22.31 2 1
github.com/sdlcforge/make-help/internal/cli/create_help_target.go:22.31,23.15 1 1
github.com/sdlcforge/make-help/internal/cli/create_help_target.go:23.15,25.4 1 1
github.com/sdlcforge/make-help/internal/cli/create_help_target.go:29.2,30.31 2 1
github.com/sdlcforge/make-help/internal/cli/create_help_target.go:30.31,31.35 1 1
github.com/sdlcforge/make-help/internal/cli/create_help_target.go:31.35,33.4 1 1
github.com/sdlcforge/make-help/internal/cli/create_help_target.go:35.2,35.17 1 1
github.com/sdlcforge/make-help/internal/cli/create_help_target.go:39.48,43.46 1 1
github.com/sdlcforge/make-help/internal/cli/create_help_target.go:43.46,47.3 1 0
github.com/sdlcforge/make-help/internal/cli/create_help_target.go:50.2,51.16 2 1
github.com/sdlcforge/make-help/internal/cli/create_help_target.go:51.16,53.3 1 0
github.com/sdlcforge/make-help/internal/cli/create_help_target.go:55.2,55.71 1 1
github.com/sdlcforge/make-help/internal/cli/create_help_target.go:55.71,57.3 1 1
github.com/sdlcforge/make-help/internal/cli/create_help_target.go:59.2,61.20 2 1
github.com/sdlcforge/make-help/internal/cli/create_help_target.go:61.20,63.3 1 1
github.com/sdlcforge/make-help/internal/cli/create_help_target.go:66.2,67.72 2 1
github.com/sdlcforge/make-help/internal/cli/create_help_target.go:67.72,69.3 1 0
github.com/sdlcforge/make-help/internal/cli/create_help_target.go:72.2,75.16 3 1
github.com/sdlcforge/make-help/internal/cli/create_help_target.go:75.16,77.3 1 0
github.com/sdlcforge/make-help/internal/cli/create_help_target.go:79.2,80.16 2 1
github.com/sdlcforge/make-help/internal/cli/create_help_target.go:80.16,82.3 1 0
github.com/sdlcforge/make-help/internal/cli/create_help_target.go:85.2,88.31 3 1
github.com/sdlcforge/make-help/internal/cli/create_help_target.go:88.31,90.17 2 1
github.com/sdlcforge/make-help/internal/cli/create_help_target.go:90.17,92.4 1 0
github.com/sdlcforge/make-help/internal/cli/create_help_target.go:93.3,93.44 1 1
github.com/sdlcforge/make-help/internal/cli/create_help_target.go:96.2,96.20 1 1
github.com/sdlcforge/make-help/internal/cli/create_help_target.go:96.20,98.3 1 1
github.com/sdlcforge/make-help/internal/cli/create_help_target.go:100.2,110.16 4 1
github.com/sdlcforge/make-help/internal/cli/create_help_target.go:110.16,112.3 1 0
github.com/sdlcforge/make-help/internal/cli/create_help_target.go:115.2,121.65 2 1
github.com/sdlcforge/make-help/internal/cli/create_help_target.go:121.65,123.3 1 0
github.com/sdlcforge/make-help/internal/cli/create_help_target.go:126.2,127.38 2 1
github.com/sdlcforge/make-help/internal/cli/create_help_target.go:127.38,128.50 1 1
github.com/sdlcforge/make-help/internal/cli/create_help_target.go:128.50,131.4 2 1
github.com/sdlcforge/make-help/internal/cli/create_help_target.go:135.2,136.48 2 1
github.com/sdlcforge/make-help/internal/cli/create_help_target.go:136.48,137.38 1 1
github.com/sdlcforge/make-help/internal/cli/create_help_target.go:137.38,139.4 1 1
github.com/sdlcforge/make-help/internal/cli/create_help_target.go:142.2,142.20 1 1
github.com/sdlcforge/make-help/internal/cli/create_help_target.go:142.20,144.3 1 1
github.com/sdlcforge/make-help/internal/cli/create_help_target.go:147.2,149.19 3 1
github.com/sdlcforge/make-help/internal/cli/create_help_target.go:149.19,152.3 1 1
github.com/sdlcforge/make-help/internal/cli/create_help_target.go:152.8,154.3 1 1
github.com/sdlcforge/make-help/internal/cli/create_help_target.go:155.2,155.16 1 1
github.com/sdlcforge/make-help/internal/cli/create_help_target.go:155.16,157.3 1 0
github.com/sdlcforge/make-help/internal/cli/create_help_target.go:159.2,159.20 1 1
github.com/sdlcforge/make-help/internal/cli/create_help_target.go:159.20,161.3 1 1
github.com/sdlcforge/make-help/internal/cli/create_help_target.go:164.2,165.16 2 1
github.com/sdlcforge/make-help/internal/cli/create_help_target.go:165.16,167.3 1 0
github.com/sdlcforge/make-help/internal/cli/create_help_target.go:170.2,170.44 1 1
github.com/sdlcforge/make-help/internal/cli/create_help_target.go:170.44,172.17 2 0
github.com/sdlcforge/make-help/internal/cli/create_help_target.go:172.17,173.22 1 0
github.com/sdlcforge/make-help/internal/cli/create_help_target.go:173.22,175.5 1 0
github.com/sdlcforge/make-help/internal/cli/create_help_target.go:176.9,176.70 1 0
github.com/sdlcforge/make-help/internal/cli/create_help_target.go:176.70,177.22 1 0
github.com/sdlcforge/make-help/internal/cli/create_help_target.go:177.22,180.5 2 0
github.com/sdlcforge/make-help/internal/cli/create_help_target.go:182.4,182.72 1 0
github.com/sdlcforge/make-help/internal/cli/create_help_target.go:182.72,183.23 1 0
github.com/sdlcforge/make-help/internal/cli/create_help_target.go:183.23,185.6 1 0
github.com/sdlcforge/make-help/internal/cli/create_help_target.go:193.2,193.54 1 1
github.com/sdlcforge/make-help/internal/cli/create_help_target.go:193.54,194.21 1 0
github.com/sdlcforge/make-help/internal/cli/create_help_target.go:194.21,196.4 1 0
github.com/sdlcforge/make-help/internal/cli/create_help_target.go:201.2,203.20 2 1
github.com/sdlcforge/make-help/internal/cli/create_help_target.go:203.20,205.3 1 1
github.com/sdlcforge/make-help/internal/cli/create_help_target.go:209.2,224.16 3 1
github.com/sdlcforge/make-help/internal/cli/create_help_target.go:224.16,226.3 1 0
github.com/sdlcforge/make-help/internal/cli/create_help_target.go:229.2,229.19 1 1
github.com/sdlcforge/make-help/internal/cli/create_help_target.go:229.19,231.3 1 1
github.com/sdlcforge/make-help/internal/cli/create_help_target.go:234.2,234.82 1 1
github.com/sdlcforge/make-help/internal/cli/create_help_target.go:234.82,236.3 1 0
github.com/sdlcforge/make-help/internal/cli/create_help_target.go:238.2,238.20 1 1
github.com/sdlcforge/make-help/internal/cli/create_help_target.go:238.20,240.3 1 1
github.com/sdlcforge/make-help/internal/cli/create_help_target.go:243.2,243.18 1 1
github.com/sdlcforge/make-help/internal/cli/create_help_target.go:243.18,244.78 1 1
github.com/sdlcforge/make-help/internal/cli/create_help_target.go:244.78,246.4 1 0
github.com/sdlcforge/make-help/internal/cli/create_help_target.go:247.3,247.21 1 1
github.com/sdlcforge/make-help/internal/cli/create_help_target.go:247.21,249.4 1 1
github.com/sdlcforge/make-help/internal/cli/create_help_target.go:252.2,253.12 2 1
github.com/sdlcforge/make-help/internal/cli/create_help_target.go:257.98,261.18 4 1
github.com/sdlcforge/make-help/internal/cli/create_help_target.go:261.18,263.3 1 1
github.com/sdlcforge/make-help/internal/cli/create_help_target.go:264.2,269.18 5 1
github.com/sdlcforge/make-help/internal/cli/create_help_target.go:269.18,273.17 3 1
github.com/sdlcforge/make-help/internal/cli/create_help_target.go:273.17,276.4 1 0
github.com/sdlcforge/make-help/internal/cli/create_help_target.go:279.3,280.38 2 1
github.com/sdlcforge/make-help/internal/cli/create_help_target.go:280.38,283.20 2 1
github.com/sdlcforge/make-help/internal/cli/create_help_target.go:283.20,285.5 1 0
github.com/sdlcforge/make-help/internal/cli/create_help_target.go:286.4,286.67 1 1
github.com/sdlcforge/make-help/internal/cli/create_help_target.go:287.9,290.4 1 1
github.com/sdlcforge/make-help/internal/cli/create_help_target.go:292.3,295.29 4 1
github.com/sdlcforge/make-help/internal/cli/create_help_target.go:298.2,298.12 1 1
github.com/sdlcforge/make-help/internal/cli/flags.go:8.51,10.29 2 1
github.com/sdlcforge/make-help/internal/cli/flags.go:10.29,12.27 2 1
github.com/sdlcforge/make-help/internal/cli/flags.go:12.27,13.54 1 1
github.com/sdlcforge/make-help/internal/cli/flags.go:13.54,15.5 1 1
github.com/sdlcforge/make-help/internal/cli/flags.go:18.2,18.15 1 1
github.com/sdlcforge/make-help/internal/cli/help.go:24.36,28.46 1 1
github.com/sdlcforge/make-help/internal/cli/help.go:28.46,32.3 1 0
github.com/sdlcforge/make-help/internal/cli/help.go:35.2,36.16 2 1
github.com/sdlcforge/make-help/internal/cli/help.go:36.16,38.3 1 0
github.com/sdlcforge/make-help/internal/cli/help.go:40.2,40.71 1 1
github.com/sdlcforge/make-help/internal/cli/help.go:40.71,42.3 1 1
github.com/sdlcforge/make-help/internal/cli/help.go:44.2,46.20 2 1
github.com/sdlcforge/make-help/internal/cli/help.go:46.20,48.3 1 1
github.com/sdlcforge/make-help/internal/cli/help.go:51.2,54.16 3 1
github.com/sdlcforge/make-help/internal/cli/help.go:54.16,56.3 1 0
github.com/sdlcforge/make-help/internal/cli/help.go:59.2,62.31 3 1
github.com/sdlcforge/make-help/internal/cli/help.go:62.31,64.17 2 1
github.com/sdlcforge/make-help/internal/cli/help.go:64.17,66.4 1 0
github.com/sdlcforge/make-help/internal/cli/help.go:67.3,67.44 1 1
github.com/sdlcforge/make-help/internal/cli/help.go:70.2,70.20 1 1
github.com/sdlcforge/make-help/internal/cli/help.go:70.20,72.3 1 1
github.com/sdlcforge/make-help/internal/cli/help.go:75.2,76.16 2 1
github.com/sdlcforge/make-help/internal/cli/help.go:76.16,78.3 1 0
github.com/sdlcforge/make-help/internal/cli/help.go:81.2,92.16 5 1
github.com/sdlcforge/make-help/internal/cli/help.go:92.16,94.3 1 0
github.com/sdlcforge/make-help/internal/cli/help.go:96.2,96.20 1 1
github.com/sdlcforge/make-help/internal/cli/help.go:96.20,98.3 1 1
github.com/sdlcforge/make-help/internal/cli/help.go:101.2,107.65 2 1
github.com/sdlcforge/make-help/internal/cli/help.go:107.65,109.3 1 1
github.com/sdlcforge/make-help/internal/cli/help.go:112.2,113.38 2 1
github.com/sdlcforge/make-help/internal/cli/help.go:113.38,114.50 1 1
github.com/sdlcforge/make-help/internal/cli/help.go:114.50,117.4 2 1
github.com/sdlcforge/make-help/internal/cli/help.go:121.2,125.16 3 1
github.com/sdlcforge/make-help/internal/cli/help.go:125.16,127.3 1 0
github.com/sdlcforge/make-help/internal/cli/help.go:130.2,130.67 1 1
github.com/sdlcforge/make-help/internal/cli/help.go:130.67,132.3 1 0
github.com/sdlcforge/make-help/internal/cli/help.go:134.2,134.12 1 1
github.com/sdlcforge/make-help/internal/cli/help.go:141.44,144.16 2 1
github.com/sdlcforge/make-help/internal/cli/help.go:144.16,146.3 1 0
github.com/sdlcforge/make-help/internal/cli/help.go:148.2,148.71 1 1
github.com/sdlcforge/make-help/internal/cli/help.go:148.71,150.3 1 1
github.com/sdlcforge/make-help/internal/cli/help.go:152.2,157.16 4 1
github.com/sdlcforge/make-help/internal/cli/help.go:157.16,159.3 1 0
github.com/sdlcforge/make-help/internal/cli/help.go:162.2,163.42 2 1
github.com/sdlcforge/make-help/internal/cli/help.go:163.42,164.25 1 1
github.com/sdlcforge/make-help/internal/cli/help.go:164.25,166.9 2 1
github.com/sdlcforge/make-help/internal/cli/help.go:169.2,169.19 1 1
github.com/sdlcforge/make-help/internal/cli/help.go:169.19,171.3 1 1
github.com/sdlcforge/make-help/internal/cli/help.go:174.2,175.16 2 1
github.com/sdlcforge/make-help/internal/cli/help.go:175.16,177.3 1 0
github.com/sdlcforge/make-help/internal/cli/help.go:179.2,182.31 3 1
github.com/sdlcforge/make-help/internal/cli/help.go:182.31,184.17 2 1
github.com/sdlcforge/make-help/internal/cli/help.go:184.17,186.4 1 0
github.com/sdlcforge/make-help/internal/cli/help.go:187.3,187.44 1 1
github.com/sdlcforge/make-help/internal/cli/help.go:192.2,203.16 6 1
github.com/sdlcforge/make-help/internal/cli/help.go:203.16,205.3 1 0
github.com/sdlcforge/make-help/internal/cli/help.go:208.2,209.38 2 1
github.com/sdlcforge/make-help/internal/cli/help.go:209.38,210.50 1 1
github.com/sdlcforge/make-help/internal/cli/help.go:210.50,211.64 1 1
github.com/sdlcforge/make-help/internal/cli/help.go:211.64,213.10 2 1
github.com/sdlcforge/make-help/internal/cli/help.go:216.3,216.25 1 1
github.com/sdlcforge/make-help/internal/cli/help.go:216.25,217.9 1 1
github.com/sdlcforge/make-help/internal/cli/help.go:222.2,226.16 3 1
github.com/sdlcforge/make-help/internal/cli/help.go:226.16,228.3 1 0
github.com/sdlcforge/make-help/internal/cli/help.go:230.2,230.62 1 1
github.com/sdlcforge/make-help/internal/cli/help.go:230.62,232.80 1 1
github.com/sdlcforge/make-help/internal/cli/help.go:232.80,234.4 1 0
github.com/sdlcforge/make-help/internal/cli/help.go:235.8,240.25 3 1
github.com/sdlcforge/make-help/internal/cli/help.go:240.25,243.4 2 1
github.com/sdlcforge/make-help/internal/cli/help.go:244.3,244.103 1 1
github.com/sdlcforge/make-help/internal/cli/help.go:244.103,246.4 1 0
github.com/sdlcforge/make-help/internal/cli/help.go:249.2,249.12 1 1
github.com/sdlcforge/make-help/internal/cli/lint.go:33.36,35.46 1 1
github.com/sdlcforge/make-help/internal/cli/lint.go:35.46,37.3 1 1
github.com/sdlcforge/make-help/internal/cli/lint.go:40.2,41.16 2 1
github.com/sdlcforge/make-help/internal/cli/lint.go:41.16,43.3 1 0
github.com/sdlcforge/make-help/internal/cli/lint.go:45.2,45.71 1 1
github.com/sdlcforge/make-help/internal/cli/lint.go:45.71,47.3 1 1
github.com/sdlcforge/make-help/internal/cli/lint.go:49.2,51.20 2 1
github.com/sdlcforge/make-help/internal/cli/lint.go:51.20,53.3 1 1
github.com/sdlcforge/make-help/internal/cli/lint.go:56.2,59.16 3 1
github.com/sdlcforge/make-help/internal/cli/lint.go:59.16,61.3 1 0
github.com/sdlcforge/make-help/internal/cli/lint.go:64.2,67.31 3 1
github.com/sdlcforge/make-help/internal/cli/lint.go:67.31,69.17 2 1
github.com/sdlcforge/make-help/internal/cli/lint.go:69.17,71.4 1 0
github.com/sdlcforge/make-help/internal/cli/lint.go:72.3,72.44 1 1
github.com/sdlcforge/make-help/internal/cli/lint.go:75.2,75.20 1 1
github.com/sdlcforge/make-help/internal/cli/lint.go:75.20,77.3 1 1
github.com/sdlcforge/make-help/internal/cli/lint.go:80.2,81.16 2 1
github.com/sdlcforge/make-help/internal/cli/lint.go:81.16,83.3 1 0
github.com/sdlcforge/make-help/internal/cli/lint.go:87.2,97.16 4 1
github.com/sdlcforge/make-help/internal/cli/lint.go:97.16,99.3 1 0
github.com/sdlcforge/make-help/internal/cli/lint.go:101.2,101.20 1 1
github.com/sdlcforge/make-help/internal/cli/lint.go:101.20,103.3 1 1
github.com/sdlcforge/make-help/internal/cli/lint.go:106.2,107.38 2 1
github.com/sdlcforge/make-help/internal/cli/lint.go:107.38,108.50 1 1
github.com/sdlcforge/make-help/internal/cli/lint.go:108.50,111.4 2 1
github.com/sdlcforge/make-help/internal/cli/lint.go:115.2,121.33 5 1
github.com/sdlcforge/make-help/internal/cli/lint.go:121.33,122.49 1 1
github.com/sdlcforge/make-help/internal/cli/lint.go:122.49,127.4 1 1
github.com/sdlcforge/make-help/internal/cli/lint.go:131.2,134.48 3 1
github.com/sdlcforge/make-help/internal/cli/lint.go:134.48,135.43 1 1
github.com/sdlcforge/make-help/internal/cli/lint.go:135.43,139.41 3 1
github.com/sdlcforge/make-help/internal/cli/lint.go:139.41,141.5 1 0
github.com/sdlcforge/make-help/internal/cli/lint.go:145.2,165.36 6 1
github.com/sdlcforge/make-help/internal/cli/lint.go:165.36,166.16 1 1
github.com/sdlcforge/make-help/internal/cli/lint.go:166.16,168.4 1 1
github.com/sdlcforge/make-help/internal/cli/lint.go:171.2,171.36 1 1
github.com/sdlcforge/make-help/internal/cli/lint.go:171.36,177.17 5 1
github.com/sdlcforge/make-help/internal/cli/lint.go:177.17,179.4 1 0
github.com/sdlcforge/make-help/internal/cli/lint.go:184.2,185.68 2 1
github.com/sdlcforge/make-help/internal/cli/lint.go:185.68,188.37 2 1
github.com/sdlcforge/make-help/internal/cli/lint.go:188.37,189.18 1 1
github.com/sdlcforge/make-help/internal/cli/lint.go:189.18,191.5 1 1
github.com/sdlcforge/make-help/internal/cli/lint.go:193.3,193.32 1 1
github.com/sdlcforge/make-help/internal/cli/lint.go:197.2,197.32 1 1
github.com/sdlcforge/make-help/internal/cli/lint.go:197.32,200.17 2 1
github.com/sdlcforge/make-help/internal/cli/lint.go:200.17,202.4 1 0
github.com/sdlcforge/make-help/internal/cli/lint.go:205.3,206.39 2 1
github.com/sdlcforge/make-help/internal/cli/lint.go:206.39,207.17 1 1
github.com/sdlcforge/make-help/internal/cli/lint.go:207.17,209.5 1 1
github.com/sdlcforge/make-help/internal/cli/lint.go:213.3,214.45 2 1
github.com/sdlcforge/make-help/internal/cli/lint.go:214.45,217.17 2 1
github.com/sdlcforge/make-help/internal/cli/lint.go:217.17,218.64 1 1
github.com/sdlcforge/make-help/internal/cli/lint.go:218.64,220.6 1 1
github.com/sdlcforge/make-help/internal/cli/lint.go:224.4,224.35 1 1
github.com/sdlcforge/make-help/internal/cli/lint.go:224.35,225.26 1 1
github.com/sdlcforge/make-help/internal/cli/lint.go:225.26,227.6 1 0
github.com/sdlcforge/make-help/internal/cli/lint.go:228.5,229.31 2 1
github.com/sdlcforge/make-help/internal/cli/lint.go:233.4,234.23 2 1
github.com/sdlcforge/make-help/internal/cli/lint.go:234.23,236.5 1 1
github.com/sdlcforge/make-help/internal/cli/lint.go:237.4,237.24 1 1
github.com/sdlcforge/make-help/internal/cli/lint.go:237.24,239.5 1 1
github.com/sdlcforge/make-help/internal/cli/lint.go:239.10,241.5 1 0
github.com/sdlcforge/make-help/internal/cli/lint.go:245.3,247.30 3 1
github.com/sdlcforge/make-help/internal/cli/lint.go:247.30,249.4 1 1
github.com/sdlcforge/make-help/internal/cli/lint.go:249.9,249.24 1 1
github.com/sdlcforge/make-help/internal/cli/lint.go:249.24,251.4 1 0
github.com/sdlcforge/make-help/internal/cli/lint.go:251.9,253.4 1 1
github.com/sdlcforge/make-help/internal/cli/lint.go:257.2,257.22 1 1
github.com/sdlcforge/make-help/internal/cli/lint.go:257.22,258.33 1 1
github.com/sdlcforge/make-help/internal/cli/lint.go:258.33,260.4 1 1
github.com/sdlcforge/make-help/internal/cli/lint.go:261.3,261.20 1 1
github.com/sdlcforge/make-help/internal/cli/lint.go:261.20,264.4 1 1
github.com/sdlcforge/make-help/internal/cli/lint.go:264.9,267.4 1 1
github.com/sdlcforge/make-help/internal/cli/lint.go:272.2,272.32 1 1
github.com/sdlcforge/make-help/internal/cli/lint.go:272.32,274.3 1 1
github.com/sdlcforge/make-help/internal/cli/lint.go:276.2,276.20 1 0
github.com/sdlcforge/make-help/internal/cli/lint.go:276.20,278.3 1 0
github.com/sdlcforge/make-help/internal/cli/lint.go:280.2,280.12 1 0
github.com/sdlcforge/make-help/internal/cli/options.go:10.27,11.23 1 1
github.com/sdlcforge/make-help/internal/cli/options.go:11.23,13.3 1 1
github.com/sdlcforge/make-help/internal/cli/options.go:16.2,16.34 1 1
github.com/sdlcforge/make-help/internal/cli/options.go:16.34,17.34 1 1
github.com/sdlcforge/make-help/internal/cli/options.go:17.34,19.4 1 1
github.com/sdlcforge/make-help/internal/cli/options.go:22.2,22.14 1 1
github.com/sdlcforge/make-help/internal/cli/remove_help_target.go:12.48,15.16 2 1
github.com/sdlcforge/make-help/internal/cli/remove_help_target.go:15.16,17.3 1 0
github.com/sdlcforge/make-help/internal/cli/remove_help_target.go:19.2,19.71 1 1
github.com/sdlcforge/make-help/internal/cli/remove_help_target.go:19.71,21.3 1 1
github.com/sdlcforge/make-help/internal/cli/remove_help_target.go:23.2,25.20 2 1
github.com/sdlcforge/make-help/internal/cli/remove_help_target.go:25.20,27.3 1 1
github.com/sdlcforge/make-help/internal/cli/remove_help_target.go:30.2,36.53 4 1
github.com/sdlcforge/make-help/internal/cli/remove_help_target.go:36.53,38.3 1 0
github.com/sdlcforge/make-help/internal/cli/remove_help_target.go:40.2,40.12 1 1
github.com/sdlcforge/make-help/internal/cli/root.go:20.13,23.2 1 1
github.com/sdlcforge/make-help/internal/cli/root.go:27.34,49.58 2 1
github.com/sdlcforge/make-help/internal/cli/root.go:49.58,51.62 1 1
github.com/sdlcforge/make-help/internal/cli/root.go:51.62,53.5 1 1
github.com/sdlcforge/make-help/internal/cli/root.go:56.4,67.11 4 1
github.com/sdlcforge/make-help/internal/cli/root.go:67.11,69.5 1 0
github.com/sdlcforge/make-help/internal/cli/root.go:70.4,73.27 2 1
github.com/sdlcforge/make-help/internal/cli/root.go:73.27,76.5 1 1
github.com/sdlcforge/make-help/internal/cli/root.go:79.4,79.31 1 1
github.com/sdlcforge/make-help/internal/cli/root.go:79.31,80.59 1 1
github.com/sdlcforge/make-help/internal/cli/root.go:80.59,82.6 1 1
github.com/sdlcforge/make-help/internal/cli/root.go:86.4,86.51 1 1
github.com/sdlcforge/make-help/internal/cli/root.go:86.51,88.5 1 1
github.com/sdlcforge/make-help/internal/cli/root.go:91.4,91.45 1 1
github.com/sdlcforge/make-help/internal/cli/root.go:91.45,93.5 1 1
github.com/sdlcforge/make-help/internal/cli/root.go:96.4,96.19 1 1
github.com/sdlcforge/make-help/internal/cli/root.go:96.19,97.29 1 0
github.com/sdlcforge/make-help/internal/cli/root.go:97.29,99.6 1 0
github.com/sdlcforge/make-help/internal/cli/root.go:100.5,100.32 1 0
github.com/sdlcforge/make-help/internal/cli/root.go:100.32,102.6 1 0
github.com/sdlcforge/make-help/internal/cli/root.go:103.5,103.37 1 0
github.com/sdlcforge/make-help/internal/cli/root.go:103.37,105.6 1 0
github.com/sdlcforge/make-help/internal/cli/root.go:109.4,109.34 1 1
github.com/sdlcforge/make-help/internal/cli/root.go:109.34,111.5 1 0
github.com/sdlcforge/make-help/internal/cli/root.go:114.4,114.86 1 1
github.com/sdlcforge/make-help/internal/cli/root.go:114.86,116.5 1 0
github.com/sdlcforge/make-help/internal/cli/root.go:118.4,118.14 1 1
github.com/sdlcforge/make-help/internal/cli/root.go:120.55,125.62 2 1
github.com/sdlcforge/make-help/internal/cli/root.go:125.62,127.5 1 1
github.com/sdlcforge/make-help/internal/cli/root.go:130.4,130.19 1 1
github.com/sdlcforge/make-help/internal/cli/root.go:130.19,132.5 1 0
github.com/sdlcforge/make-help/internal/cli/root.go:132.10,132.38 1 1
github.com/sdlcforge/make-help/internal/cli/root.go:132.38,134.5 1 1
github.com/sdlcforge/make-help/internal/cli/root.go:134.10,134.34 1 1
github.com/sdlcforge/make-help/internal/cli/root.go:134.34,137.5 1 1
github.com/sdlcforge/make-help/internal/cli/root.go:137.10,137.35 1 1
github.com/sdlcforge/make-help/internal/cli/root.go:137.35,140.5 1 1
github.com/sdlcforge/make-help/internal/cli/root.go:140.10,143.5 1 1
github.com/sdlcforge/make-help/internal/cli/root.go:148.2,179.16 24 1
github.com/sdlcforge/make-help/internal/cli/root.go:184.52,205.41 2 1
github.com/sdlcforge/make-help/internal/cli/root.go:205.41,206.17 1 1
github.com/sdlcforge/make-help/internal/cli/root.go:206.17,208.4 1 1
github.com/sdlcforge/make-help/internal/cli/root.go:211.2,211.12 1 1
github.com/sdlcforge/make-help/internal/cli/root.go:216.50,218.29 2 1
github.com/sdlcforge/make-help/internal/cli/root.go:218.29,221.30 2 1
github.com/sdlcforge/make-help/internal/cli/root.go:221.30,223.21 2 1
github.com/sdlcforge/make-help/internal/cli/root.go:223.21,225.5 1 1
github.com/sdlcforge/make-help/internal/cli/root.go:228.2,228.15 1 1
github.com/sdlcforge/make-help/internal/cli/root.go:232.63,236.17 2 1
github.com/sdlcforge/make-help/internal/cli/root.go:236.17,238.3 1 1
github.com/sdlcforge/make-help/internal/cli/root.go:240.2,240.17 1 1
github.com/sdlcforge/make-help/internal/cli/root.go:240.17,241.30 1 1
github.com/sdlcforge/make-help/internal/cli/root.go:241.30,243.4 1 1
github.com/sdlcforge/make-help/internal/cli/root.go:244.3,244.46 1 1
github.com/sdlcforge/make-help/internal/cli/root.go:274.48,283.45 4 1
github.com/sdlcforge/make-help/internal/cli/root.go:283.45,284.41 1 1
github.com/sdlcforge/make-help/internal/cli/root.go:284.41,285.19 1 1
github.com/sdlcforge/make-help/internal/cli/root.go:285.19,287.5 1 0
github.com/sdlcforge/make-help/internal/cli/root.go:290.4,290.28 1 1
github.com/sdlcforge/make-help/internal/cli/root.go:290.28,292.5 1 0
github.com/sdlcforge/make-help/internal/cli/root.go:293.4,296.31 3 1
github.com/sdlcforge/make-help/internal/cli/root.go:296.31,297.71 1 1
github.com/sdlcforge/make-help/internal/cli/root.go:297.71,299.6 1 1
github.com/sdlcforge/make-help/internal/cli/root.go:303.4,304.60 2 1
github.com/sdlcforge/make-help/internal/cli/root.go:309.2,314.35 4 1
github.com/sdlcforge/make-help/internal/cli/root.go:314.35,316.29 2 1
github.com/sdlcforge/make-help/internal/cli/root.go:316.29,317.12 1 0
github.com/sdlcforge/make-help/internal/cli/root.go:320.3,322.35 3 1
github.com/sdlcforge/make-help/internal/cli/root.go:322.35,324.4 1 1
github.com/sdlcforge/make-help/internal/cli/root.go:325.3,325.23 1 1
github.com/sdlcforge/make-help/internal/cli/root.go:328.2,328.46 1 1
github.com/sdlcforge/make-help/internal/cli/root.go:332.45,333.16 1 1
github.com/sdlcforge/make-help/internal/cli/root.go:334.14,335.26 1 1
github.com/sdlcforge/make-help/internal/cli/root.go:336.14,337.13 1 1
github.com/sdlcforge/make-help/internal/cli/root.go:338.14,339.13 1 1
github.com/sdlcforge/make-help/internal/cli/root.go:340.14,341.28 1 1
github.com/sdlcforge/make-help/internal/cli/root.go:342.18,343.26 1 1
github.com/sdlcforge/make-help/internal/cli/root.go:344.10,345.13 1 1
github.com/sdlcforge/make-help/internal/cli/root.go:350.47,354.60 2 1
github.com/sdlcforge/make-help/internal/cli/root.go:354.60,358.3 3 1
github.com/sdlcforge/make-help/internal/cli/root.go:358.8,360.3 1 1
github.com/sdlcforge/make-help/internal/cli/root.go:363.2,367.33 3 1
github.com/sdlcforge/make-help/internal/cli/root.go:367.33,371.19 3 1
github.com/sdlcforge/make-help/internal/cli/root.go:372.22,373.24 1 1
github.com/sdlcforge/make-help/internal/cli/root.go:374.19,375.21 1 0
github.com/sdlcforge/make-help/internal/cli/root.go:377.3,377.27 1 1
github.com/sdlcforge/make-help/internal/cli/root.go:381.2,383.23 3 1
github.com/sdlcforge/make-help/internal/cli/root.go:383.23,385.3 1 1
github.com/sdlcforge/make-help/internal/cli/root.go:385.8,387.3 1 0
github.com/sdlcforge/make-help/internal/cli/root.go:390.2,393.29 2 1
github.com/sdlcforge/make-help/internal/cli/root.go:393.29,395.3 1 1
github.com/sdlcforge/make-help/internal/cli/root.go:397.2,399.20 2 1
github.com/sdlcforge/make-help/internal/cli/root.go:403.47,404.25 1 1
github.com/sdlcforge/make-help/internal/cli/root.go:404.25,406.3 1 1
github.com/sdlcforge/make-help/internal/cli/root.go:407.2,407.61 1 1
github.com/sdlcforge/make-help/internal/cli/root.go:407.61,409.3 1 1
github.com/sdlcforge/make-help/internal/cli/root.go:411.2,411.27 1 1
github.com/sdlcforge/make-help/internal/cli/root.go:411.27,413.3 1 1
github.com/sdlcforge/make-help/internal/cli/root.go:414.2,414.13 1 1
github.com/sdlcforge/make-help/internal/cli/terminal.go:10.34,12.2 1 1
github.com/sdlcforge/make-help/internal/cli/terminal.go:16.44,17.26 1 1
github.com/sdlcforge/make-help/internal/cli/terminal.go:18.19,19.14 1 1
github.com/sdlcforge/make-help/internal/cli/terminal.go:20.18,21.15 1 1
github.com/sdlcforge/make-help/internal/cli/terminal.go:22.17,24.36 1 1
github.com/sdlcforge/make-help/internal/cli/terminal.go:25.10,26.15 1 1
